0 info it worked if it ends with ok
1 verbose cli [ '/Users/agoosester/.nvm/versions/node/v6.4.0/bin/node',
1 verbose cli   '/Users/agoosester/.nvm/versions/node/v6.4.0/bin/npm',
1 verbose cli   'start' ]
2 info using npm@3.10.8
3 info using node@v6.4.0
4 verbose run-script [ 'prestart', 'start', 'poststart' ]
5 info lifecycle dappStack-frontend@1.0.0~prestart: dappStack-frontend@1.0.0
6 silly lifecycle dappStack-frontend@1.0.0~prestart: no script for prestart, continuing
7 info lifecycle dappStack-frontend@1.0.0~start: dappStack-frontend@1.0.0
8 verbose lifecycle dappStack-frontend@1.0.0~start: unsafe-perm in lifecycle true
9 verbose lifecycle dappStack-frontend@1.0.0~start: PATH: /Users/agoosester/.nvm/versions/node/v6.4.0/lib/node_modules/npm/bin/node-gyp-bin:/Users/agoosester/Documents/Dev/2. Web/dappStack-frontend/node_modules/.bin:/usr/local/heroku/bin:/Users/agoosester/.rbenv/shims:/Users/agoosester/.nvm/versions/node/v6.4.0/bin:/Applications/Postgres.app/Contents/Versions/9.3/bin:/Users/agoosester/.rvm/gems/ruby-2.0.0-p247/bin:/Users/agoosester/.rvm/gems/ruby-2.0.0-p247@global/bin:/Users/agoosester/.rvm/rubies/ruby-2.0.0-p247/bin:/Users/agoosester/.rvm/bin:/usr/local/bin:/usr/bin:/bin:/usr/sbin:/sbin:/usr/local/git/bin
10 verbose lifecycle dappStack-frontend@1.0.0~start: CWD: /Users/agoosester/Documents/Dev/2. Web/dappStack-frontend
11 silly lifecycle dappStack-frontend@1.0.0~start: Args: [ '-c', 'tsc && concurrently "npm run tsc:w" "npm run lite" ' ]
12 silly lifecycle dappStack-frontend@1.0.0~start: Returned: code: 2  signal: null
13 info lifecycle dappStack-frontend@1.0.0~start: Failed to exec start script
14 verbose stack Error: dappStack-frontend@1.0.0 start: `tsc && concurrently "npm run tsc:w" "npm run lite" `
14 verbose stack Exit status 2
14 verbose stack     at EventEmitter.<anonymous> (/Users/agoosester/.nvm/versions/node/v6.4.0/lib/node_modules/npm/lib/utils/lifecycle.js:255:16)
14 verbose stack     at emitTwo (events.js:106:13)
14 verbose stack     at EventEmitter.emit (events.js:191:7)
14 verbose stack     at ChildProcess.<anonymous> (/Users/agoosester/.nvm/versions/node/v6.4.0/lib/node_modules/npm/lib/utils/spawn.js:40:14)
14 verbose stack     at emitTwo (events.js:106:13)
14 verbose stack     at ChildProcess.emit (events.js:191:7)
14 verbose stack     at maybeClose (internal/child_process.js:852:16)
14 verbose stack     at Process.ChildProcess._handle.onexit (internal/child_process.js:215:5)
15 verbose pkgid dappStack-frontend@1.0.0
16 verbose cwd /Users/agoosester/Documents/Dev/2. Web/dappStack-frontend
17 error Darwin 15.6.0
18 error argv "/Users/agoosester/.nvm/versions/node/v6.4.0/bin/node" "/Users/agoosester/.nvm/versions/node/v6.4.0/bin/npm" "start"
19 error node v6.4.0
20 error npm  v3.10.8
21 error code ELIFECYCLE
22 error dappStack-frontend@1.0.0 start: `tsc && concurrently "npm run tsc:w" "npm run lite" `
22 error Exit status 2
23 error Failed at the dappStack-frontend@1.0.0 start script 'tsc && concurrently "npm run tsc:w" "npm run lite" '.
23 error Make sure you have the latest version of node.js and npm installed.
23 error If you do, this is most likely a problem with the dappStack-frontend package,
23 error not with npm itself.
23 error Tell the author that this fails on your system:
23 error     tsc && concurrently "npm run tsc:w" "npm run lite"
23 error You can get information on how to open an issue for this project with:
23 error     npm bugs dappStack-frontend
23 error Or if that isn't available, you can get their info via:
23 error     npm owner ls dappStack-frontend
23 error There is likely additional logging output above.
24 verbose exit [ 1, true ]
